Base path: '/home/oleguer/software/Unity/Hub/Editor/2019.2.17f1/Editor/Data', plugins path '/home/oleguer/software/Unity/Hub/Editor/2019.2.17f1/Editor/Data/PlaybackEngines'
Cmd: initializeCompiler
Cmd: compileComputeKernel
  api=15 insize=7960 outsize=3490 ok=1
Cmd: compileComputeKernel
  api=15 insize=64076 outsize=9686 ok=1
Cmd: compileComputeKernel
  api=18 insize=64076 outsize=18492 ok=1
Cmd: compileComputeKernel
  api=18 insize=64076 outsize=20290 ok=1
Cmd: compileComputeKernel
  api=15 insize=9919 outsize=4317 ok=1
Cmd: compileComputeKernel
  api=15 insize=9919 outsize=4603 ok=1
Cmd: compileComputeKernel
  api=18 insize=9919 outsize=7347 ok=1
Cmd: compileComputeKernel
  api=18 insize=9919 outsize=7344 ok=1
Cmd: compileComputeKernel
  api=15 insize=24335 outsize=8284 ok=1
Cmd: compileComputeKernel
  api=18 insize=24335 outsize=11940 ok=1
Cmd: compileComputeKernel
  api=15 insize=7335 outsize=4121 ok=1
Cmd: compileComputeKernel
  api=15 insize=44336 outsize=3790 ok=1
Cmd: compileComputeKernel
  api=15 insize=44336 outsize=4800 ok=1
Cmd: compileComputeKernel
  api=15 insize=44336 outsize=3351 ok=1
Cmd: compileComputeKernel
  api=15 insize=44336 outsize=4380 ok=1
Cmd: compileComputeKernel
  api=15 insize=44336 outsize=3273 ok=1
Cmd: compileComputeKernel
  api=15 insize=44336 outsize=4507 ok=1
Cmd: compileComputeKernel
  api=15 insize=44336 outsize=4544 ok=1
Cmd: compileComputeKernel
  api=15 insize=44336 outsize=4793 ok=1
Cmd: compileComputeKernel
  api=15 insize=44336 outsize=4691 ok=1
Cmd: compileComputeKernel
  api=15 insize=44336 outsize=4144 ok=1
Cmd: compileComputeKernel
  api=18 insize=44336 outsize=7416 ok=1
Cmd: compileComputeKernel
  api=18 insize=44336 outsize=6942 ok=1
Cmd: compileComputeKernel
  api=18 insize=44336 outsize=5675 ok=1
Cmd: compileComputeKernel
  api=18 insize=44336 outsize=5593 ok=1
Cmd: compileComputeKernel
  api=18 insize=44336 outsize=5638 ok=1
Cmd: compileComputeKernel
  api=18 insize=44336 outsize=5814 ok=1
Cmd: compileComputeKernel
  api=18 insize=44336 outsize=7823 ok=1
Cmd: compileComputeKernel
  api=18 insize=44336 outsize=7897 ok=1
Cmd: compileComputeKernel
  api=18 insize=44336 outsize=5661 ok=1
Cmd: compileComputeKernel
  api=18 insize=44336 outsize=5712 ok=1
Cmd: compileComputeKernel
  api=15 insize=4081 outsize=3607 ok=1
Cmd: compileComputeKernel
  api=15 insize=29386 outsize=2202 ok=1
Cmd: compileComputeKernel
  api=15 insize=29386 outsize=2661 ok=1
Cmd: compileComputeKernel
  api=15 insize=29386 outsize=2535 ok=1
Cmd: compileComputeKernel
  api=15 insize=29386 outsize=2325 ok=1
Cmd: compileComputeKernel
  api=15 insize=29386 outsize=2292 ok=1
Cmd: compileComputeKernel
  api=15 insize=29386 outsize=2176 ok=1
Cmd: compileComputeKernel
  api=15 insize=29386 outsize=2301 ok=1
Cmd: compileComputeKernel
  api=15 insize=29386 outsize=2793 ok=1
Cmd: compileComputeKernel
  api=15 insize=29386 outsize=3516 ok=1
Cmd: compileComputeKernel
  api=15 insize=29386 outsize=3363 ok=1
Cmd: compileComputeKernel
  api=15 insize=29386 outsize=3170 ok=1
Cmd: compileComputeKernel
  api=15 insize=29386 outsize=3211 ok=1
Cmd: compileComputeKernel
  api=15 insize=29386 outsize=3731 ok=1
Cmd: compileComputeKernel
  api=18 insize=29386 outsize=4509 ok=1
Cmd: compileComputeKernel
  api=18 insize=29386 outsize=3742 ok=1
Cmd: compileComputeKernel
  api=18 insize=29386 outsize=3309 ok=1
Cmd: compileComputeKernel
  api=18 insize=29386 outsize=3130 ok=1
Cmd: compileComputeKernel
  api=18 insize=29386 outsize=3351 ok=1
Cmd: compileComputeKernel
  api=18 insize=29386 outsize=3594 ok=1
Cmd: compileComputeKernel
  api=18 insize=29386 outsize=6171 ok=1
Cmd: compileComputeKernel
  api=18 insize=29386 outsize=5769 ok=1
Cmd: compileComputeKernel
  api=18 insize=29386 outsize=5538 ok=1
Cmd: compileComputeKernel
  api=18 insize=29386 outsize=5575 ok=1
Cmd: compileComputeKernel
  api=18 insize=29386 outsize=5733 ok=1
Cmd: compileComputeKernel
  api=18 insize=29386 outsize=6645 ok=1

Quitting shader compiler process
