Base path: '/home/oleguer/software/Unity/Hub/Editor/2019.2.17f1/Editor/Data', plugins path '/home/oleguer/software/Unity/Hub/Editor/2019.2.17f1/Editor/Data/PlaybackEngines'
Cmd: initializeCompiler
Cmd: compileComputeKernel
  api=15 insize=7960 outsize=5729 ok=1
Cmd: compileComputeKernel
  api=18 insize=64076 outsize=11633 ok=1
Cmd: compileComputeKernel
  api=18 insize=64076 outsize=31561 ok=1
Cmd: compileComputeKernel
  api=15 insize=9919 outsize=4357 ok=1
Cmd: compileComputeKernel
  api=15 insize=9919 outsize=4360 ok=1
Cmd: compileComputeKernel
  api=15 insize=24335 outsize=22370 ok=1
Cmd: compileComputeKernel
  api=15 insize=7335 outsize=3491 ok=1
Cmd: compileComputeKernel
  api=18 insize=7335 outsize=5682 ok=1
Cmd: compileComputeKernel
  api=15 insize=44336 outsize=7147 ok=1
Cmd: compileComputeKernel
  api=15 insize=44336 outsize=3230 ok=1
Cmd: compileComputeKernel
  api=15 insize=44336 outsize=3864 ok=1
Cmd: compileComputeKernel
  api=15 insize=44336 outsize=3263 ok=1
Cmd: compileComputeKernel
  api=15 insize=44336 outsize=5268 ok=1
Cmd: compileComputeKernel
  api=15 insize=44336 outsize=4793 ok=1
Cmd: compileComputeKernel
  api=15 insize=44336 outsize=3725 ok=1
Cmd: compileComputeKernel
  api=15 insize=44336 outsize=4032 ok=1
Cmd: compileComputeKernel
  api=18 insize=44336 outsize=12031 ok=1
Cmd: compileComputeKernel
  api=18 insize=44336 outsize=5566 ok=1
Cmd: compileComputeKernel
  api=18 insize=44336 outsize=5800 ok=1
Cmd: compileComputeKernel
  api=18 insize=44336 outsize=6187 ok=1
Cmd: compileComputeKernel
  api=18 insize=44336 outsize=9279 ok=1
Cmd: compileComputeKernel
  api=18 insize=44336 outsize=7892 ok=1
Cmd: compileComputeKernel
  api=18 insize=44336 outsize=8522 ok=1
Cmd: compileComputeKernel
  api=18 insize=44336 outsize=5713 ok=1
Cmd: compileComputeKernel
  api=18 insize=44336 outsize=7594 ok=1
Cmd: compileComputeKernel
  api=18 insize=4081 outsize=5875 ok=1
Cmd: compileComputeKernel
  api=15 insize=29386 outsize=1773 ok=1
Cmd: compileComputeKernel
  api=15 insize=29386 outsize=2812 ok=1
Cmd: compileComputeKernel
  api=15 insize=29386 outsize=2313 ok=1
Cmd: compileComputeKernel
  api=15 insize=29386 outsize=2450 ok=1
Cmd: compileComputeKernel
  api=15 insize=29386 outsize=2116 ok=1
Cmd: compileComputeKernel
  api=15 insize=29386 outsize=2303 ok=1
Cmd: compileComputeKernel
  api=15 insize=29386 outsize=3212 ok=1
Cmd: compileComputeKernel
  api=15 insize=29386 outsize=3500 ok=1
Cmd: compileComputeKernel
  api=15 insize=29386 outsize=3490 ok=1
Cmd: compileComputeKernel
  api=15 insize=29386 outsize=3301 ok=1
Cmd: compileComputeKernel
  api=15 insize=29386 outsize=3210 ok=1
Cmd: compileComputeKernel
  api=15 insize=29386 outsize=3359 ok=1
Cmd: compileComputeKernel
  api=18 insize=29386 outsize=3150 ok=1
Cmd: compileComputeKernel
  api=18 insize=29386 outsize=3466 ok=1
Cmd: compileComputeKernel
  api=18 insize=29386 outsize=2609 ok=1
Cmd: compileComputeKernel
  api=18 insize=29386 outsize=3193 ok=1
Cmd: compileComputeKernel
  api=18 insize=29386 outsize=3436 ok=1
Cmd: compileComputeKernel
  api=18 insize=29386 outsize=5379 ok=1
Cmd: compileComputeKernel
  api=18 insize=29386 outsize=6139 ok=1
Cmd: compileComputeKernel
  api=18 insize=29386 outsize=5737 ok=1
Cmd: compileComputeKernel
  api=18 insize=29386 outsize=5580 ok=1
Cmd: compileComputeKernel
  api=18 insize=29386 outsize=5598 ok=1

Quitting shader compiler process
