Base path: '/home/oleguer/software/Unity/Hub/Editor/2019.2.17f1/Editor/Data', plugins path '/home/oleguer/software/Unity/Hub/Editor/2019.2.17f1/Editor/Data/PlaybackEngines'
Cmd: initializeCompiler
Cmd: compileComputeKernel
  api=15 insize=7960 outsize=2926 ok=1
Cmd: compileComputeKernel
  api=18 insize=7960 outsize=6410 ok=1
Cmd: compileComputeKernel
  error: 1 plat 15 at Tensor.cginc(155): use of potentially uninitialized variable (ReadonlyTensor::SafeGet)
  api=15 insize=64076 outsize=25502 ok=1
Cmd: compileComputeKernel
  api=15 insize=9919 outsize=5078 ok=1
Cmd: compileComputeKernel
  api=15 insize=9919 outsize=4604 ok=1
Cmd: compileComputeKernel
  api=18 insize=9919 outsize=7275 ok=1
Cmd: compileComputeKernel
  api=18 insize=9919 outsize=7973 ok=1
Cmd: compileComputeKernel
  api=15 insize=24335 outsize=6183 ok=1
Cmd: compileComputeKernel
  api=18 insize=24335 outsize=10747 ok=1
Cmd: compileComputeKernel
  api=18 insize=24335 outsize=39088 ok=1
Cmd: compileComputeKernel
  api=15 insize=7335 outsize=4799 ok=1
Cmd: compileComputeKernel
  error: 1 plat 15 at Tensor.cginc(141): use of potentially uninitialized variable (ReadonlyTensor::SafeGet)
  api=15 insize=44336 outsize=6510 ok=1
Cmd: compileComputeKernel
  api=15 insize=44336 outsize=3941 ok=1
Cmd: compileComputeKernel
  api=15 insize=44336 outsize=3247 ok=1
Cmd: compileComputeKernel
  api=15 insize=44336 outsize=3276 ok=1
Cmd: compileComputeKernel
  api=15 insize=44336 outsize=3339 ok=1
Cmd: compileComputeKernel
  api=15 insize=44336 outsize=4503 ok=1
Cmd: compileComputeKernel
  api=15 insize=44336 outsize=4553 ok=1
Cmd: compileComputeKernel
  api=15 insize=44336 outsize=3340 ok=1
Cmd: compileComputeKernel
  api=15 insize=44336 outsize=3463 ok=1
Cmd: compileComputeKernel
  error: 1 plat 18 at Tensor.cginc(141): use of potentially uninitialized variable (ReadonlyTensor::SafeGet)
  api=18 insize=44336 outsize=12034 ok=1
Cmd: compileComputeKernel
  api=18 insize=44336 outsize=11427 ok=1
Cmd: compileComputeKernel
  api=18 insize=44336 outsize=6048 ok=1
Cmd: compileComputeKernel
  api=18 insize=44336 outsize=5638 ok=1
Cmd: compileComputeKernel
  api=18 insize=44336 outsize=7823 ok=1
Cmd: compileComputeKernel
  api=18 insize=44336 outsize=7831 ok=1
Cmd: compileComputeKernel
  api=18 insize=44336 outsize=8521 ok=1
Cmd: compileComputeKernel
  api=18 insize=44336 outsize=12614 ok=1
Cmd: compileComputeKernel
  api=18 insize=4081 outsize=7778 ok=1
Cmd: compileComputeKernel
  api=15 insize=29386 outsize=1788 ok=1
Cmd: compileComputeKernel
  api=15 insize=29386 outsize=1855 ok=1
Cmd: compileComputeKernel
  api=15 insize=29386 outsize=1994 ok=1
Cmd: compileComputeKernel
  api=15 insize=29386 outsize=2117 ok=1
Cmd: compileComputeKernel
  api=15 insize=29386 outsize=2267 ok=1
Cmd: compileComputeKernel
  api=15 insize=29386 outsize=2259 ok=1
Cmd: compileComputeKernel
  api=15 insize=29386 outsize=3507 ok=1
Cmd: compileComputeKernel
  api=15 insize=29386 outsize=3287 ok=1
Cmd: compileComputeKernel
  api=15 insize=29386 outsize=3348 ok=1
Cmd: compileComputeKernel
  api=15 insize=29386 outsize=3306 ok=1
Cmd: compileComputeKernel
  api=18 insize=29386 outsize=2269 ok=1
Cmd: compileComputeKernel
  api=18 insize=29386 outsize=3391 ok=1
Cmd: compileComputeKernel
  api=18 insize=29386 outsize=4000 ok=1
Cmd: compileComputeKernel
  api=18 insize=29386 outsize=3355 ok=1
Cmd: compileComputeKernel
  api=18 insize=29386 outsize=3915 ok=1
Cmd: compileComputeKernel
  api=18 insize=29386 outsize=3369 ok=1
Cmd: compileComputeKernel
  api=18 insize=29386 outsize=5637 ok=1
Cmd: compileComputeKernel
  api=18 insize=29386 outsize=6156 ok=1
Cmd: compileComputeKernel
  api=18 insize=29386 outsize=5715 ok=1
Cmd: compileComputeKernel
  api=18 insize=29386 outsize=5422 ok=1
Cmd: compileComputeKernel
  api=18 insize=29386 outsize=6606 ok=1

Quitting shader compiler process
