Base path: '/home/oleguer/software/Unity/Hub/Editor/2019.2.17f1/Editor/Data', plugins path '/home/oleguer/software/Unity/Hub/Editor/2019.2.17f1/Editor/Data/PlaybackEngines'
Cmd: initializeCompiler
Cmd: compileComputeKernel
  api=15 insize=7960 outsize=3464 ok=1
Cmd: compileComputeKernel
  api=15 insize=64076 outsize=11114 ok=1
Cmd: compileComputeKernel
  api=15 insize=9919 outsize=4313 ok=1
Cmd: compileComputeKernel
  api=15 insize=9919 outsize=4603 ok=1
Cmd: compileComputeKernel
  api=18 insize=9919 outsize=7291 ok=1
Cmd: compileComputeKernel
  api=18 insize=9919 outsize=7990 ok=1
Cmd: compileComputeKernel
  api=15 insize=24335 outsize=6980 ok=1
Cmd: compileComputeKernel
  api=18 insize=24335 outsize=30308 ok=1
Cmd: compileComputeKernel
  api=18 insize=24335 outsize=14585 ok=1
Cmd: compileComputeKernel
  api=15 insize=7335 outsize=3984 ok=1
Cmd: compileComputeKernel
  api=18 insize=7335 outsize=6963 ok=1
Cmd: compileComputeKernel
  error: 1 plat 15 at BarracudaReferenceImpl.compute(1256): array reference cannot be used as an l-value; not natively addressable, forcing loop to unroll
  error: 1 plat 15 at BarracudaReferenceImpl.compute(1266): array reference cannot be used as an l-value; not natively addressable, forcing loop to unroll
  api=15 insize=44336 outsize=16811 ok=1
Cmd: compileComputeKernel
  api=18 insize=44336 outsize=7724 ok=1
Cmd: compileComputeKernel
  api=15 insize=4081 outsize=3330 ok=1
Cmd: compileComputeKernel
  api=18 insize=1810 outsize=11309 ok=1
Cmd: compileComputeKernel
  api=15 insize=29386 outsize=2194 ok=1
Cmd: compileComputeKernel
  api=15 insize=29386 outsize=2383 ok=1
Cmd: compileComputeKernel
  api=15 insize=29386 outsize=2511 ok=1
Cmd: compileComputeKernel
  api=15 insize=29386 outsize=2237 ok=1
Cmd: compileComputeKernel
  api=15 insize=29386 outsize=3262 ok=1
Cmd: compileComputeKernel
  api=15 insize=29386 outsize=3296 ok=1
Cmd: compileComputeKernel
  api=15 insize=29386 outsize=3560 ok=1
Cmd: compileComputeKernel
  api=15 insize=29386 outsize=3443 ok=1
Cmd: compileComputeKernel
  api=15 insize=29386 outsize=3293 ok=1
Cmd: compileComputeKernel
  api=15 insize=29386 outsize=3294 ok=1
Cmd: compileComputeKernel
  api=15 insize=29386 outsize=3312 ok=1
Cmd: compileComputeKernel
  api=18 insize=29386 outsize=2310 ok=1
Cmd: compileComputeKernel
  api=18 insize=29386 outsize=4178 ok=1
Cmd: compileComputeKernel
  api=18 insize=29386 outsize=3552 ok=1
Cmd: compileComputeKernel
  api=18 insize=29386 outsize=3333 ok=1
Cmd: compileComputeKernel
  api=18 insize=29386 outsize=2397 ok=1
Cmd: compileComputeKernel
  api=18 insize=29386 outsize=2516 ok=1
Cmd: compileComputeKernel
  api=18 insize=29386 outsize=5452 ok=1
Cmd: compileComputeKernel
  api=18 insize=29386 outsize=6124 ok=1
Cmd: compileComputeKernel
  api=18 insize=29386 outsize=5562 ok=1
Cmd: compileComputeKernel
  api=18 insize=29386 outsize=5747 ok=1
Cmd: compileComputeKernel
  api=18 insize=29386 outsize=5359 ok=1

Quitting shader compiler process
