Base path: '/home/oleguer/software/Unity/Hub/Editor/2019.2.17f1/Editor/Data', plugins path '/home/oleguer/software/Unity/Hub/Editor/2019.2.17f1/Editor/Data/PlaybackEngines'
Cmd: initializeCompiler
Cmd: compileComputeKernel
  api=15 insize=7960 outsize=2819 ok=1
Cmd: compileComputeKernel
  api=18 insize=7960 outsize=4334 ok=1
Cmd: compileComputeKernel
  api=18 insize=7960 outsize=5796 ok=1
Cmd: compileComputeKernel
  api=18 insize=7960 outsize=6143 ok=1
Cmd: compileComputeKernel
  api=15 insize=64076 outsize=16878 ok=1
Cmd: compileComputeKernel
  api=15 insize=9919 outsize=4313 ok=1
Cmd: compileComputeKernel
  api=15 insize=9919 outsize=4354 ok=1
Cmd: compileComputeKernel
  api=18 insize=9919 outsize=7275 ok=1
Cmd: compileComputeKernel
  api=18 insize=9919 outsize=7275 ok=1
Cmd: compileComputeKernel
  api=18 insize=9919 outsize=7349 ok=1
Cmd: compileComputeKernel
  api=15 insize=24335 outsize=28052 ok=1
Cmd: compileComputeKernel
  api=15 insize=7335 outsize=6034 ok=1
Cmd: compileComputeKernel
  error: 1 plat 15 at Tensor.cginc(141): use of potentially uninitialized variable (ReadonlyTensor::SafeGet)
  api=15 insize=44336 outsize=5396 ok=1
Cmd: compileComputeKernel
  api=15 insize=44336 outsize=4022 ok=1
Cmd: compileComputeKernel
  api=15 insize=44336 outsize=3361 ok=1
Cmd: compileComputeKernel
  api=15 insize=44336 outsize=3564 ok=1
Cmd: compileComputeKernel
  api=15 insize=44336 outsize=3274 ok=1
Cmd: compileComputeKernel
  api=15 insize=44336 outsize=4503 ok=1
Cmd: compileComputeKernel
  api=15 insize=44336 outsize=4550 ok=1
Cmd: compileComputeKernel
  api=15 insize=44336 outsize=3354 ok=1
Cmd: compileComputeKernel
  api=15 insize=44336 outsize=3339 ok=1
Cmd: compileComputeKernel
  api=18 insize=44336 outsize=6886 ok=1
Cmd: compileComputeKernel
  error: 1 plat 18 at Tensor.cginc(141): use of potentially uninitialized variable (ReadonlyTensor::SafeGet)
  api=18 insize=44336 outsize=9064 ok=1
Cmd: compileComputeKernel
  api=18 insize=44336 outsize=5554 ok=1
Cmd: compileComputeKernel
  api=18 insize=44336 outsize=6838 ok=1
Cmd: compileComputeKernel
  api=18 insize=44336 outsize=6957 ok=1
Cmd: compileComputeKernel
  api=18 insize=44336 outsize=5778 ok=1
Cmd: compileComputeKernel
  api=18 insize=44336 outsize=5883 ok=1
Cmd: compileComputeKernel
  api=18 insize=44336 outsize=7839 ok=1
Cmd: compileComputeKernel
  api=18 insize=44336 outsize=7831 ok=1
Cmd: compileComputeKernel
  api=18 insize=44336 outsize=5720 ok=1
Cmd: compileComputeKernel
  api=18 insize=44336 outsize=9839 ok=1
Cmd: compileComputeKernel
  api=18 insize=44336 outsize=6941 ok=1
Cmd: compileComputeKernel
  api=18 insize=4081 outsize=7824 ok=1
Cmd: compileComputeKernel
  api=15 insize=29386 outsize=2218 ok=1
Cmd: compileComputeKernel
  api=15 insize=29386 outsize=2386 ok=1
Cmd: compileComputeKernel
  api=15 insize=29386 outsize=2186 ok=1
Cmd: compileComputeKernel
  api=15 insize=29386 outsize=2315 ok=1
Cmd: compileComputeKernel
  api=15 insize=29386 outsize=2238 ok=1
Cmd: compileComputeKernel
  api=15 insize=29386 outsize=2124 ok=1
Cmd: compileComputeKernel
  api=15 insize=29386 outsize=2182 ok=1
Cmd: compileComputeKernel
  api=15 insize=29386 outsize=3373 ok=1
Cmd: compileComputeKernel
  api=15 insize=29386 outsize=3422 ok=1
Cmd: compileComputeKernel
  api=15 insize=29386 outsize=3246 ok=1
Cmd: compileComputeKernel
  api=15 insize=29386 outsize=3275 ok=1
Cmd: compileComputeKernel
  api=18 insize=29386 outsize=3364 ok=1
Cmd: compileComputeKernel
  api=18 insize=29386 outsize=3223 ok=1
Cmd: compileComputeKernel
  api=18 insize=29386 outsize=3985 ok=1
Cmd: compileComputeKernel
  api=18 insize=29386 outsize=3619 ok=1
Cmd: compileComputeKernel
  api=18 insize=29386 outsize=3576 ok=1
Cmd: compileComputeKernel
  api=18 insize=29386 outsize=3216 ok=1
Cmd: compileComputeKernel
  api=18 insize=29386 outsize=5532 ok=1
Cmd: compileComputeKernel
  api=18 insize=29386 outsize=5986 ok=1
Cmd: compileComputeKernel
  api=18 insize=29386 outsize=6001 ok=1
Cmd: compileComputeKernel
  api=18 insize=29386 outsize=5422 ok=1
Cmd: compileComputeKernel
  api=18 insize=29386 outsize=5544 ok=1

Quitting shader compiler process
